<?xml version="1.0" ?>
<testsuites errors="0" failures="4" name="ABLUnit" tests="13"><testsuite name="D:\zal\workspace\ConnectWorld\test\GetCInvoiceBySupplierAndPaySelCode.p" tests="13" time="4.771"><testcase name="TestTotalCountOfInvoices" status="Success" time="2.086"/><testcase name="TestCountOfInvoicesFor10S1001" status="Success" time=".22"/><testcase name="TestCountOfInvoicesFor10S1002" status="Success" time=".307"/><testcase name="TestCountOfInvoicesFor10S1003" status="Success" time=".225"/><testcase name="TestCountOfInvoicesFor10S1004" status="Success" time=".212"/><testcase name="TestTotalPaymentAmountTC" status="Success" time=".222"/><testcase name="TestTotalPaymentAmountBC" status="Success" time=".215"/><testcase name="TestTotalPaymentAmountBankCurr" status="Failure" time=".201"><failure message="Expected: 95.48 but was: 0">Equals OpenEdge.Core.Assert at line 75  (OpenEdge/Core/Assert.r)
TestTotalPaymentAmountBankCurr D:\zal\workspace\ConnectWorld\test\GetCInvoiceBySupplierAndPaySelCode.p at line 250  (D:\zal\workspace\ConnectWorld\test\GetCInvoiceBySupplierAndPaySelCode.r)
RunTestProc OpenEdge.ABLUnit.Reflection.ProcedureAnnotationInfo at line 125  (OpenEdge/ABLUnit/Reflection/ProcedureAnnotationInfo.r)
RunSelectedTestProc OpenEdge.ABLUnit.Reflection.ProcedureAnnotationInfo at line 146  (OpenEdge/ABLUnit/Reflection/ProcedureAnnotationInfo.r)
runTestProcedure OpenEdge.ABLUnit.Runner.ABLRunner at line 1191  (OpenEdge/ABLUnit/Runner/ABLRunner.r)
runtests OpenEdge.ABLUnit.Runner.ABLRunner at line 1075  (OpenEdge/ABLUnit/Runner/ABLRunner.r)
runtests OpenEdge.ABLUnit.Runner.ABLRunner at line 1011  (OpenEdge/ABLUnit/Runner/ABLRunner.r)
runtests OpenEdge.ABLUnit.Runner.ABLRunner at line 1098  (OpenEdge/ABLUnit/Runner/ABLRunner.r)
runtests OpenEdge.ABLUnit.Runner.ABLRunner at line 1011  (OpenEdge/ABLUnit/Runner/ABLRunner.r)
RunTests OpenEdge.ABLUnit.Runner.ABLRunner at line 150  (OpenEdge/ABLUnit/Runner/ABLRunner.r)
ABLUnitCore.r at line 72  (ABLUnitCore.r)</failure></testcase><testcase name="TestTotalWHTTC" status="Success" time=".195"/><testcase name="TestTotalPaymentAmountBCFor10S1001" status="Success" time=".174"/><testcase name="TestTotalPaymentAmountBCFor10S1002" status="Failure" time=".24"><failure message="Expected: 95.48 but was: 23.75">Equals OpenEdge.Core.Assert at line 75  (OpenEdge/Core/Assert.r)
TestTotalPaymentAmountBCFor10S1002 D:\zal\workspace\ConnectWorld\test\GetCInvoiceBySupplierAndPaySelCode.p at line 283  (D:\zal\workspace\ConnectWorld\test\GetCInvoiceBySupplierAndPaySelCode.r)
RunTestProc OpenEdge.ABLUnit.Reflection.ProcedureAnnotationInfo at line 125  (OpenEdge/ABLUnit/Reflection/ProcedureAnnotationInfo.r)
RunSelectedTestProc OpenEdge.ABLUnit.Reflection.ProcedureAnnotationInfo at line 146  (OpenEdge/ABLUnit/Reflection/ProcedureAnnotationInfo.r)
runTestProcedure OpenEdge.ABLUnit.Runner.ABLRunner at line 1191  (OpenEdge/ABLUnit/Runner/ABLRunner.r)
runtests OpenEdge.ABLUnit.Runner.ABLRunner at line 1075  (OpenEdge/ABLUnit/Runner/ABLRunner.r)
runtests OpenEdge.ABLUnit.Runner.ABLRunner at line 1011  (OpenEdge/ABLUnit/Runner/ABLRunner.r)
runtests OpenEdge.ABLUnit.Runner.ABLRunner at line 1098  (OpenEdge/ABLUnit/Runner/ABLRunner.r)
runtests OpenEdge.ABLUnit.Runner.ABLRunner at line 1011  (OpenEdge/ABLUnit/Runner/ABLRunner.r)
RunTests OpenEdge.ABLUnit.Runner.ABLRunner at line 150  (OpenEdge/ABLUnit/Runner/ABLRunner.r)
ABLUnitCore.r at line 72  (ABLUnitCore.r)</failure></testcase><testcase name="TestTotalPaymentAmountBCFor10S1003" status="Failure" time=".231"><failure message="Expected: 95.48 but was: 28.73">Equals OpenEdge.Core.Assert at line 75  (OpenEdge/Core/Assert.r)
TestTotalPaymentAmountBCFor10S1003 D:\zal\workspace\ConnectWorld\test\GetCInvoiceBySupplierAndPaySelCode.p at line 294  (D:\zal\workspace\ConnectWorld\test\GetCInvoiceBySupplierAndPaySelCode.r)
RunTestProc OpenEdge.ABLUnit.Reflection.ProcedureAnnotationInfo at line 125  (OpenEdge/ABLUnit/Reflection/ProcedureAnnotationInfo.r)
RunSelectedTestProc OpenEdge.ABLUnit.Reflection.ProcedureAnnotationInfo at line 146  (OpenEdge/ABLUnit/Reflection/ProcedureAnnotationInfo.r)
runTestProcedure OpenEdge.ABLUnit.Runner.ABLRunner at line 1191  (OpenEdge/ABLUnit/Runner/ABLRunner.r)
runtests OpenEdge.ABLUnit.Runner.ABLRunner at line 1075  (OpenEdge/ABLUnit/Runner/ABLRunner.r)
runtests OpenEdge.ABLUnit.Runner.ABLRunner at line 1011  (OpenEdge/ABLUnit/Runner/ABLRunner.r)
runtests OpenEdge.ABLUnit.Runner.ABLRunner at line 1098  (OpenEdge/ABLUnit/Runner/ABLRunner.r)
runtests OpenEdge.ABLUnit.Runner.ABLRunner at line 1011  (OpenEdge/ABLUnit/Runner/ABLRunner.r)
RunTests OpenEdge.ABLUnit.Runner.ABLRunner at line 150  (OpenEdge/ABLUnit/Runner/ABLRunner.r)
ABLUnitCore.r at line 72  (ABLUnitCore.r)</failure></testcase><testcase name="TestTotalPaymentAmountBCFor10S1004" status="Failure" time=".221"><failure message="Expected: 95.48 but was: 23">Equals OpenEdge.Core.Assert at line 75  (OpenEdge/Core/Assert.r)
TestTotalPaymentAmountBCFor10S1004 D:\zal\workspace\ConnectWorld\test\GetCInvoiceBySupplierAndPaySelCode.p at line 307  (D:\zal\workspace\ConnectWorld\test\GetCInvoiceBySupplierAndPaySelCode.r)
RunTestProc OpenEdge.ABLUnit.Reflection.ProcedureAnnotationInfo at line 125  (OpenEdge/ABLUnit/Reflection/ProcedureAnnotationInfo.r)
RunSelectedTestProc OpenEdge.ABLUnit.Reflection.ProcedureAnnotationInfo at line 146  (OpenEdge/ABLUnit/Reflection/ProcedureAnnotationInfo.r)
runTestProcedure OpenEdge.ABLUnit.Runner.ABLRunner at line 1191  (OpenEdge/ABLUnit/Runner/ABLRunner.r)
runtests OpenEdge.ABLUnit.Runner.ABLRunner at line 1075  (OpenEdge/ABLUnit/Runner/ABLRunner.r)
runtests OpenEdge.ABLUnit.Runner.ABLRunner at line 1011  (OpenEdge/ABLUnit/Runner/ABLRunner.r)
runtests OpenEdge.ABLUnit.Runner.ABLRunner at line 1098  (OpenEdge/ABLUnit/Runner/ABLRunner.r)
runtests OpenEdge.ABLUnit.Runner.ABLRunner at line 1011  (OpenEdge/ABLUnit/Runner/ABLRunner.r)
RunTests OpenEdge.ABLUnit.Runner.ABLRunner at line 150  (OpenEdge/ABLUnit/Runner/ABLRunner.r)
ABLUnitCore.r at line 72  (ABLUnitCore.r)</failure></testcase></testsuite></testsuites>