<?xml version="1.0" ?>
<testsuites errors="0" failures="1" name="ABLUnit" tests="14"><testsuite name="D:/zal/workspace/ConnectWorld/ConnectWorld.p" tests="2" time="20.97"><testsuite name="test/GetCInvoiceBySupplierAndPaySelCode.p" tests="9" time="4.316"><testcase name="TestTotalCountOfInvoices" status="Success" time="2.319"/><testcase name="TestCountOfInvoicesFor10S1001" status="Success" time=".248"/><testcase name="TestCountOfInvoicesFor10S1002" status="Success" time=".21"/><testcase name="TestCountOfInvoicesFor10S1003" status="Success" time=".22"/><testcase name="TestCountOfInvoicesFor10S1004" status="Success" time=".219"/><testcase name="TestTotalPaymentAmountTC" status="Success" time=".282"/><testcase name="TestTotalPaymentAmountBC" status="Success" time=".282"/><testcase name="TestTotalPaymentAmountBankCurr" status="Failure" time=".257"><failure message="Expected: 95.48 but was: 0">Equals OpenEdge.Core.Assert at line 75  (OpenEdge/Core/Assert.r)
TestTotalPaymentAmountBankCurr test/GetCInvoiceBySupplierAndPaySelCode.p at line 250  (D:\zal\workspace\ConnectWorld\test\GetCInvoiceBySupplierAndPaySelCode.r)
RunTestProc OpenEdge.ABLUnit.Reflection.ProcedureAnnotationInfo at line 125  (OpenEdge/ABLUnit/Reflection/ProcedureAnnotationInfo.r)
RunSelectedTestProc OpenEdge.ABLUnit.Reflection.ProcedureAnnotationInfo at line 146  (OpenEdge/ABLUnit/Reflection/ProcedureAnnotationInfo.r)
runTestProcedure OpenEdge.ABLUnit.Runner.ABLRunner at line 1191  (OpenEdge/ABLUnit/Runner/ABLRunner.r)
runtests OpenEdge.ABLUnit.Runner.ABLRunner at line 1075  (OpenEdge/ABLUnit/Runner/ABLRunner.r)
runtests OpenEdge.ABLUnit.Runner.ABLRunner at line 1011  (OpenEdge/ABLUnit/Runner/ABLRunner.r)
runtests OpenEdge.ABLUnit.Runner.ABLRunner at line 1098  (OpenEdge/ABLUnit/Runner/ABLRunner.r)
runtests OpenEdge.ABLUnit.Runner.ABLRunner at line 1011  (OpenEdge/ABLUnit/Runner/ABLRunner.r)
runtests OpenEdge.ABLUnit.Runner.ABLRunner at line 1098  (OpenEdge/ABLUnit/Runner/ABLRunner.r)
runtests OpenEdge.ABLUnit.Runner.ABLRunner at line 1011  (OpenEdge/ABLUnit/Runner/ABLRunner.r)
RunTests OpenEdge.ABLUnit.Runner.ABLRunner at line 150  (OpenEdge/ABLUnit/Runner/ABLRunner.r)
ABLUnitCore.r at line 72  (ABLUnitCore.r)</failure></testcase><testcase name="TestTotalWHTTC" status="Success" time=".258"/></testsuite><testsuite name="test/GetHashTotalByPaySelCodeTestCase.p" tests="5" time="16.65"><testcase name="TestGetHashStringSameCurrSupplier" status="Success" time="11.462"/><testcase name="TestGetHashStringSameCurrSupplier1" status="Success" time="4.262"/><testcase name="TestGetHashStringSameCurrSupplierWithInvCorr" status="Success" time=".148"/><testcase name="TestGetHashStringDiffCurrDiffSupplier" status="Success" time=".16"/><testcase name="TestGetHashStringSameCurrDiffInvType" status="Success" time=".607"/></testsuite></testsuite></testsuites>