<?xml version="1.0" ?>
<testsuites errors="0" failures="4" name="ABLUnit" tests="34"><testsuite name="D:\zal\workspace\ConnectWorld\suite\ConnectWorld.p" tests="3" time="19.76"><testsuite name="test/GetCInvoiceBySupplierAndPaySelCode.p" tests="13" time="7.326"><testcase name="TestTotalCountOfInvoices" status="Success" time="4.422"/><testcase name="TestCountOfInvoicesFor10S1001" status="Success" time=".352"/><testcase name="TestCountOfInvoicesFor10S1002" status="Success" time=".226"/><testcase name="TestCountOfInvoicesFor10S1003" status="Success" time=".233"/><testcase name="TestCountOfInvoicesFor10S1004" status="Success" time=".226"/><testcase name="TestTotalPaymentAmountTC" status="Success" time=".249"/><testcase name="TestTotalPaymentAmountBC" status="Success" time=".268"/><testcase name="TestTotalPaymentAmountBankCurr" status="Success" time=".233"/><testcase name="TestTotalWHTTC" status="Success" time=".231"/><testcase name="TestTotalPaymentAmountBCFor10S1001" status="Success" time=".231"/><testcase name="TestTotalPaymentAmountBCFor10S1002" status="Failure" time=".207"><failure message="Expected: 95.48 but was: 23.75">Equals OpenEdge.Core.Assert at line 75  (OpenEdge/Core/Assert.r)
TestTotalPaymentAmountBCFor10S1002 test/GetCInvoiceBySupplierAndPaySelCode.p at line 283  (D:\zal\workspace\ConnectWorld\test\GetCInvoiceBySupplierAndPaySelCode.r)
RunTestProc OpenEdge.ABLUnit.Reflection.ProcedureAnnotationInfo at line 125  (OpenEdge/ABLUnit/Reflection/ProcedureAnnotationInfo.r)
RunSelectedTestProc OpenEdge.ABLUnit.Reflection.ProcedureAnnotationInfo at line 146  (OpenEdge/ABLUnit/Reflection/ProcedureAnnotationInfo.r)
runTestProcedure OpenEdge.ABLUnit.Runner.ABLRunner at line 1191  (OpenEdge/ABLUnit/Runner/ABLRunner.r)
runtests OpenEdge.ABLUnit.Runner.ABLRunner at line 1075  (OpenEdge/ABLUnit/Runner/ABLRunner.r)
runtests OpenEdge.ABLUnit.Runner.ABLRunner at line 1011  (OpenEdge/ABLUnit/Runner/ABLRunner.r)
runtests OpenEdge.ABLUnit.Runner.ABLRunner at line 1098  (OpenEdge/ABLUnit/Runner/ABLRunner.r)
runtests OpenEdge.ABLUnit.Runner.ABLRunner at line 1011  (OpenEdge/ABLUnit/Runner/ABLRunner.r)
runtests OpenEdge.ABLUnit.Runner.ABLRunner at line 1098  (OpenEdge/ABLUnit/Runner/ABLRunner.r)
runtests OpenEdge.ABLUnit.Runner.ABLRunner at line 1011  (OpenEdge/ABLUnit/Runner/ABLRunner.r)
RunTests OpenEdge.ABLUnit.Runner.ABLRunner at line 150  (OpenEdge/ABLUnit/Runner/ABLRunner.r)
ABLUnitCore.r at line 72  (ABLUnitCore.r)</failure></testcase><testcase name="TestTotalPaymentAmountBCFor10S1003" status="Failure" time=".204"><failure message="Expected: 95.48 but was: 28.73">Equals OpenEdge.Core.Assert at line 75  (OpenEdge/Core/Assert.r)
TestTotalPaymentAmountBCFor10S1003 test/GetCInvoiceBySupplierAndPaySelCode.p at line 294  (D:\zal\workspace\ConnectWorld\test\GetCInvoiceBySupplierAndPaySelCode.r)
RunTestProc OpenEdge.ABLUnit.Reflection.ProcedureAnnotationInfo at line 125  (OpenEdge/ABLUnit/Reflection/ProcedureAnnotationInfo.r)
RunSelectedTestProc OpenEdge.ABLUnit.Reflection.ProcedureAnnotationInfo at line 146  (OpenEdge/ABLUnit/Reflection/ProcedureAnnotationInfo.r)
runTestProcedure OpenEdge.ABLUnit.Runner.ABLRunner at line 1191  (OpenEdge/ABLUnit/Runner/ABLRunner.r)
runtests OpenEdge.ABLUnit.Runner.ABLRunner at line 1075  (OpenEdge/ABLUnit/Runner/ABLRunner.r)
runtests OpenEdge.ABLUnit.Runner.ABLRunner at line 1011  (OpenEdge/ABLUnit/Runner/ABLRunner.r)
runtests OpenEdge.ABLUnit.Runner.ABLRunner at line 1098  (OpenEdge/ABLUnit/Runner/ABLRunner.r)
runtests OpenEdge.ABLUnit.Runner.ABLRunner at line 1011  (OpenEdge/ABLUnit/Runner/ABLRunner.r)
runtests OpenEdge.ABLUnit.Runner.ABLRunner at line 1098  (OpenEdge/ABLUnit/Runner/ABLRunner.r)
runtests OpenEdge.ABLUnit.Runner.ABLRunner at line 1011  (OpenEdge/ABLUnit/Runner/ABLRunner.r)
RunTests OpenEdge.ABLUnit.Runner.ABLRunner at line 150  (OpenEdge/ABLUnit/Runner/ABLRunner.r)
ABLUnitCore.r at line 72  (ABLUnitCore.r)</failure></testcase><testcase name="TestTotalPaymentAmountBCFor10S1004" status="Failure" time=".207"><failure message="Expected: 95.48 but was: 23">Equals OpenEdge.Core.Assert at line 75  (OpenEdge/Core/Assert.r)
TestTotalPaymentAmountBCFor10S1004 test/GetCInvoiceBySupplierAndPaySelCode.p at line 307  (D:\zal\workspace\ConnectWorld\test\GetCInvoiceBySupplierAndPaySelCode.r)
RunTestProc OpenEdge.ABLUnit.Reflection.ProcedureAnnotationInfo at line 125  (OpenEdge/ABLUnit/Reflection/ProcedureAnnotationInfo.r)
RunSelectedTestProc OpenEdge.ABLUnit.Reflection.ProcedureAnnotationInfo at line 146  (OpenEdge/ABLUnit/Reflection/ProcedureAnnotationInfo.r)
runTestProcedure OpenEdge.ABLUnit.Runner.ABLRunner at line 1191  (OpenEdge/ABLUnit/Runner/ABLRunner.r)
runtests OpenEdge.ABLUnit.Runner.ABLRunner at line 1075  (OpenEdge/ABLUnit/Runner/ABLRunner.r)
runtests OpenEdge.ABLUnit.Runner.ABLRunner at line 1011  (OpenEdge/ABLUnit/Runner/ABLRunner.r)
runtests OpenEdge.ABLUnit.Runner.ABLRunner at line 1098  (OpenEdge/ABLUnit/Runner/ABLRunner.r)
runtests OpenEdge.ABLUnit.Runner.ABLRunner at line 1011  (OpenEdge/ABLUnit/Runner/ABLRunner.r)
runtests OpenEdge.ABLUnit.Runner.ABLRunner at line 1098  (OpenEdge/ABLUnit/Runner/ABLRunner.r)
runtests OpenEdge.ABLUnit.Runner.ABLRunner at line 1011  (OpenEdge/ABLUnit/Runner/ABLRunner.r)
RunTests OpenEdge.ABLUnit.Runner.ABLRunner at line 150  (OpenEdge/ABLUnit/Runner/ABLRunner.r)
ABLUnitCore.r at line 72  (ABLUnitCore.r)</failure></testcase></testsuite><testsuite name="test/GetHashTotalByPaySelCodeTestCase.p" tests="12" time="11.678"><testcase name="TestPerformanceFor2100Invs" status="Failure" time="4.422"><failure message="Expected: 21000_SUPBank1_1_2100 but was: 7010_SUPBank1_1_701">Equals OpenEdge.Core.Assert at line 104  (OpenEdge/Core/Assert.r)
TestPerformanceFor2100Invs test/GetHashTotalByPaySelCodeTestCase.p at line 70  (D:\zal\workspace\ConnectWorld\test\GetHashTotalByPaySelCodeTestCase.r)
RunTestProc OpenEdge.ABLUnit.Reflection.ProcedureAnnotationInfo at line 125  (OpenEdge/ABLUnit/Reflection/ProcedureAnnotationInfo.r)
RunSelectedTestProc OpenEdge.ABLUnit.Reflection.ProcedureAnnotationInfo at line 146  (OpenEdge/ABLUnit/Reflection/ProcedureAnnotationInfo.r)
runTestProcedure OpenEdge.ABLUnit.Runner.ABLRunner at line 1191  (OpenEdge/ABLUnit/Runner/ABLRunner.r)
runtests OpenEdge.ABLUnit.Runner.ABLRunner at line 1075  (OpenEdge/ABLUnit/Runner/ABLRunner.r)
runtests OpenEdge.ABLUnit.Runner.ABLRunner at line 1011  (OpenEdge/ABLUnit/Runner/ABLRunner.r)
runtests OpenEdge.ABLUnit.Runner.ABLRunner at line 1098  (OpenEdge/ABLUnit/Runner/ABLRunner.r)
runtests OpenEdge.ABLUnit.Runner.ABLRunner at line 1011  (OpenEdge/ABLUnit/Runner/ABLRunner.r)
runtests OpenEdge.ABLUnit.Runner.ABLRunner at line 1098  (OpenEdge/ABLUnit/Runner/ABLRunner.r)
runtests OpenEdge.ABLUnit.Runner.ABLRunner at line 1011  (OpenEdge/ABLUnit/Runner/ABLRunner.r)
RunTests OpenEdge.ABLUnit.Runner.ABLRunner at line 150  (OpenEdge/ABLUnit/Runner/ABLRunner.r)
ABLUnitCore.r at line 72  (ABLUnitCore.r)</failure></testcase><testcase name="TestGetHashStringSameCurrSupplier1" status="Success" time="2.989"/><testcase name="TestGetHashStringSameCurrSupplierWithInvCorr" status="Success" time=".084"/><testcase name="TestGetHashStringDiffCurrDiffSupplier" status="Success" time=".132"/><testcase name="TestGetHashStringSameCurrDiffInvType" status="Success" time=".492"/><testcase name="TestGetHashStringSameCurrDiffInvType7" status="Success" time=".609"/><testcase name="TestGetHashStringSameCurrDiffInvType6" status="Success" time=".517"/><testcase name="TestGetHashStringSameCurrDiffInvType5" status="Success" time=".435"/><testcase name="TestGetHashStringSameCurrDiffInvType4" status="Success" time=".599"/><testcase name="TestGetHashStringSameCurrDiffInvType3" status="Success" time=".466"/><testcase name="TestGetHashStringSameCurrDiffInvType2" status="Success" time=".416"/><testcase name="TestGetHashStringSameCurrDiffInvType1" status="Success" time=".5"/></testsuite><testsuite name="test/PaySelTestCase.p" tests="9" time=".751"><testcase name="TestGetPaySelHeaderSummary" status="Success" time=".134"/><testcase name="TestGetPaySelHeaderSummaryDiffCurr" status="Success" time=".128"/><testcase name="TestGetPaySelHeaderSummaryLocalCurr" status="Success" time=".109"/><testcase name="TestGetPaySelSupplierSubTotal" status="Success" time=".068"/><testcase name="TestGetPaySelSupplierSubTotalAll" status="Success" time=".081"/><testcase name="TestGetPaySelSupplierSubTotalWithSupplier" status="Success" time=".053"/><testcase name="TestGetPaySelSupplierSubTotalWithSupplierExch" status="Success" time=".054"/><testcase name="TestGetPaySelSupplierSubTotalWithCurrency" status="Success" time=".059"/><testcase name="TestGetPaySelSupplierSubTotalLocalCurr" status="Success" time=".056"/></testsuite></testsuite></testsuites>