<?xml version="1.0" ?>
<testsuites errors="0" failures="0" name="ABLUnit" tests="34"><testsuite name="D:\zal\workspace\ConnectWorld\suite\ConnectWorld.p" tests="3" time="27.848"><testsuite name="test/GetCInvoiceBySupplierAndPaySelCode.p" tests="13" time="7.866"><testcase name="TestTotalCountOfInvoices" status="Success" time="5.467"/><testcase name="TestCountOfInvoicesFor10S1001" status="Success" time=".28"/><testcase name="TestCountOfInvoicesFor10S1002" status="Success" time=".136"/><testcase name="TestCountOfInvoicesFor10S1003" status="Success" time=".12"/><testcase name="TestCountOfInvoicesFor10S1004" status="Success" time=".14"/><testcase name="TestTotalPaymentAmountTC" status="Success" time=".163"/><testcase name="TestTotalPaymentAmountBC" status="Success" time=".158"/><testcase name="TestTotalPaymentAmountBankCurr" status="Success" time=".156"/><testcase name="TestTotalWHTTC" status="Success" time=".208"/><testcase name="TestTotalPaymentAmountBCFor10S1001" status="Success" time=".249"/><testcase name="TestTotalPaymentAmountBCFor10S1002" status="Success" time=".245"/><testcase name="TestTotalPaymentAmountBCFor10S1003" status="Success" time=".259"/><testcase name="TestTotalPaymentAmountBCFor10S1004" status="Success" time=".243"/></testsuite><testsuite name="test/GetHashTotalByPaySelCodeTestCase.p" tests="9" time="18.518"><testcase name="TestPerformanceFor700Invs" status="Success" time="4.83"/><testcase name="TestPerformanceFor2100Invs" status="Success" time="8.78"/><testcase name="TestGetHashStringSameCurrSupplier" status="Success" time="3.384"/><testcase name="TestGetHashStringSameCurrSupplierWithInvCorr" status="Success" time=".111"/><testcase name="TestGetHashStringDiffCurrDiffSupplier" status="Success" time=".123"/><testcase name="TestGetHashStringDiffCurrDiffSupplierDiffBankNumber" status="Success" time=".133"/><testcase name="TestGetHashStringSameCurrDiffInvType" status="Success" time=".761"/><testcase name="TestGetHashStringDiffCurrDiffInvType" status="Success" time=".215"/><testcase name="TestGetHashStringDiffCurr" status="Success" time=".152"/></testsuite><testsuite name="test/PaySelTestCase.p" tests="12" time="1.456"><testcase name="TestGetPaySelHeaderSummary" status="Success" time=".23"/><testcase name="TestGetPaySelHeaderSummaryDiffCurr" status="Success" time=".17"/><testcase name="TestGetPaySelHeaderSummaryLocalCurr" status="Success" time=".168"/><testcase name="TestGetPaySelSupplierSubTotalAllFor10S1001" status="Success" time=".142"/><testcase name="TestGetPaySelSupplierSubTotalAllFor10S1002" status="Success" time=".099"/><testcase name="TestGetPaySelSupplierSubTotalAllFor10S1003" status="Success" time=".094"/><testcase name="TestGetPaySelSupplierSubTotalAllFor10S1004" status="Success" time=".083"/><testcase name="TestGetPaySelSupplierSubTotalWithSupplier" status="Success" time=".073"/><testcase name="TestGetPaySelSupplierSubTotalWithSupplierExchEUR" status="Success" time=".079"/><testcase name="TestGetPaySelSupplierSubTotalWithSupplierExchUSD" status="Success" time=".069"/><testcase name="TestGetPaySelSupplierSubTotalWithCurrency" status="Success" time=".108"/><testcase name="TestGetPaySelSupplierSubTotalLocalCurr" status="Success" time=".065"/></testsuite></testsuite></testsuites>